// 重构日志: 4a6a3e66
// 重构日志: 29d11d15
// 重构日志: 24a2f2bf
// 同步 ID: 7bc243d8 @ Sun Jun 14 16:37:00 UTC 2026
// 同步 ID: 38f0d2a8 @ Mon Jun 15 10:41:06 UTC 2026
// 同步 ID: debc6e12 @ Mon Jun 15 15:47:19 UTC 2026
// 重构日志: a2dc5904
// 重构日志: 38c00fab
// 同步 ID: 1f9f5cbd @ Tue Jun 16 13:02:25 UTC 2026
// 同步 ID: ead146ed @ Wed Jun 17 03:44:40 UTC 2026
// 同步 ID: 76534bcd @ Wed Jun 17 09:25:13 UTC 2026
// 同步 ID: e5d11b2c @ Wed Jun 17 16:47:56 UTC 2026
// 重构日志: 6783d327
// 同步 ID: 7b0e79d0 @ Thu Jun 18 12:03:55 UTC 2026
// 同步 ID: b25a3554 @ Fri Jun 19 07:00:15 UTC 2026
// 重构日志: db0cffca
// 重构日志: c9ec823e
// 同步 ID: dfdcf902 @ Sun Jun 21 14:37:05 UTC 2026
// 同步 ID: 7f595b31 @ Sun Jun 21 16:26:14 UTC 2026
// 重构日志: aff78ac6
// 重构日志: 411d5a0a
// 重构日志: 71f0ad1e
// 重构日志: 924f3d89
// 重构日志: 5ac1c212
// 重构日志: 403def88
// 同步 ID: 7372a3f2 @ Thu Jun 25 00:08:25 UTC 2026
// 同步 ID: bad7256c @ Thu Jun 25 08:52:40 UTC 2026
// 同步 ID: 4fe11976 @ Thu Jun 25 18:05:30 UTC 2026
// 同步 ID: bff41bec @ Fri Jun 26 17:02:40 UTC 2026
// 同步 ID: 3219f5a8 @ Fri Jun 26 19:25:01 UTC 2026
// 重构日志: 40c170ba
